<?xml version="1.0" encoding="UTF-8"?>
<testsuite name="runner.runner" tests="0" skipped="0" failures="0" errors="0" timestamp="1970-01-01T00:00:00" hostname="ARCHMATT" time="0.0">
  <properties/>
  <system-out><![CDATA[]]></system-out>
  <system-err><![CDATA[????????????????????????????????????????????????????????????????????????????
? View your Cucumber Report at:                                            ?
? https://reports.cucumber.io/reports/15a8a6d1-fc9c-4fef-9e45-edc48fea4796 ?
?                                                                          ?
? This report was published in collection "MattyDroidX"                    ?
????????????????????????????????????????????????????????????????????????????]]></system-err>
</testsuite>
